<?xml version="1.0" encoding="UTF-8"?>
<!-- Generated by org.testng.reporters.JUnitReportReporter -->
<testsuite hostname="DESKTOP-K9CMI3T" failures="0" tests="1" name="apiTesting.DemoProject.JiraTest" time="1.260" errors="0" timestamp="2024-04-05T18:49:58 IST" skipped="0">
  <testcase classname="apiTesting.DemoProject.JiraTest" name="getIssue" time="1.260"/>
</testsuite> <!-- apiTesting.DemoProject.JiraTest -->
