<?xml version="1.0" encoding="UTF-8"?>
<!-- Generated by org.testng.reporters.JUnitReportReporter -->
<testsuite hostname="DESKTOP-K9CMI3T" failures="0" tests="1" name="apiTesting.graphql.GraphqlScript" time="6.642" errors="0" timestamp="2024-04-25T12:46:50 IST" skipped="0">
  <testcase classname="apiTesting.graphql.GraphqlScript" name="addPlaceTest" time="6.642"/>
</testsuite> <!-- apiTesting.graphql.GraphqlScript -->
