<?xml version="1.0" encoding="UTF-8"?>
<!-- Generated by org.testng.reporters.JUnitReportReporter -->
<testsuite hostname="DESKTOP-K9CMI3T" failures="0" tests="2" name="apiTesting.DemoProject.DynamicJSON" time="4.032" errors="0" timestamp="2024-04-04T17:29:41 IST" skipped="0">
  <testcase classname="apiTesting.DemoProject.DynamicJSON" name="addBook" time="2.415"/>
  <testcase classname="apiTesting.DemoProject.DynamicJSON" name="addBook" time="1.617"/>
</testsuite> <!-- apiTesting.DemoProject.DynamicJSON -->
