<?xml version="1.0" encoding="UTF-8"?>
<!-- Generated by org.testng.reporters.JUnitReportReporter -->
<testsuite hostname="DESKTOP-K9CMI3T" failures="0" tests="3" name="apiTesting.DemoProject.AppTest" time="5.988" errors="0" timestamp="2024-04-04T11:22:16 IST" skipped="0">
  <testcase classname="apiTesting.DemoProject.AppTest" name="getPlace" time="1.029"/>
  <testcase classname="apiTesting.DemoProject.AppTest" name="addPlaceTest" time="3.437"/>
  <testcase classname="apiTesting.DemoProject.AppTest" name="updatePlaceTest" time="1.522"/>
</testsuite> <!-- apiTesting.DemoProject.AppTest -->
