<?xml version="1.0" encoding="UTF-8"?>
<!-- Generated by org.testng.reporters.JUnitReportReporter -->
<testsuite hostname="DESKTOP-K9CMI3T" failures="0" tests="1" name="apiTesting.DemoProject.PlaceTest" time="5.404" errors="0" timestamp="2024-04-07T17:12:19 IST" skipped="0">
  <testcase classname="apiTesting.DemoProject.PlaceTest" name="addPlaceTest" time="5.404"/>
</testsuite> <!-- apiTesting.DemoProject.PlaceTest -->
