<?xml version="1.0" encoding="UTF-8"?>
<!-- Generated by org.testng.reporters.JUnitReportReporter -->
<testsuite hostname="DESKTOP-K9CMI3T" failures="0" tests="1" name="apiTesting.DemoProject.SpecBuilderTest" time="5.181" errors="0" timestamp="2024-04-12T11:00:11 IST" skipped="0">
  <testcase classname="apiTesting.DemoProject.SpecBuilderTest" name="addPlaceTest" time="5.181"/>
</testsuite> <!-- apiTesting.DemoProject.SpecBuilderTest -->
