<?xml version="1.0" encoding="UTF-8"?>
<!-- Generated by org.testng.reporters.JUnitReportReporter -->
<testsuite hostname="DESKTOP-K9CMI3T" failures="0" tests="1" name="apiTesting.DemoProject.CourseTest" time="1.013" errors="0" timestamp="2024-04-04T15:43:51 IST" skipped="0">
  <testcase classname="apiTesting.DemoProject.CourseTest" name="printNoOfCourses" time="1.013"/>
</testsuite> <!-- apiTesting.DemoProject.CourseTest -->
